<?xml version="1.0" encoding="UTF-8"?>
<testng-results ignored="0" total="1" passed="1" failed="0" skipped="0">
  <reporter-output>
  </reporter-output>
  <suite started-at="2022-04-20T20:40:40 IST" name="Default suite" finished-at="2022-04-20T20:41:11 IST" duration-ms="31231">
    <groups>
    </groups>
    <test started-at="2022-04-20T20:40:40 IST" name="Default test" finished-at="2022-04-20T20:41:11 IST" duration-ms="31231">
      <class name="com.vandvtechsolution.inetbanking.TestCases.NewCustumerTC001">
        <test-method is-config="true" signature="init()[pri:0, instance:com.vandvtechsolution.inetbanking.TestCases.NewCustumerTC001@5824a83d]" started-at="2022-04-20T20:40:39 IST" name="init" finished-at="2022-04-20T20:40:40 IST" duration-ms="1143" status="PASS">
          <reporter-output>
          </reporter-output>
        </test-method> <!-- init -->
        <test-method is-config="true" signature="Setup(java.lang.String)[pri:0, instance:com.vandvtechsolution.inetbanking.TestCases.NewCustumerTC001@5824a83d]" started-at="2022-04-20T20:40:40 IST" name="Setup" finished-at="2022-04-20T20:40:56 IST" duration-ms="15722" status="PASS">
          <params>
            <param index="0">
              <value>
                <![CDATA[Chrome]]>
              </value>
            </param>
          </params>
          <reporter-output>
          </reporter-output>
        </test-method> <!-- Setup -->
        <test-method signature="loginTC()[pri:0, instance:com.vandvtechsolution.inetbanking.TestCases.NewCustumerTC001@5824a83d]" started-at="2022-04-20T20:40:56 IST" name="loginTC" finished-at="2022-04-20T20:41:11 IST" duration-ms="15461" status="PASS">
          <reporter-output>
          </reporter-output>
        </test-method> <!-- loginTC -->
      </class> <!-- com.vandvtechsolution.inetbanking.TestCases.NewCustumerTC001 -->
    </test> <!-- Default test -->
  </suite> <!-- Default suite -->
</testng-results>
