<?xml version="1.0" encoding="UTF-8"?>
<testng-results ignored="0" total="1" passed="1" failed="0" skipped="0">
  <reporter-output>
  </reporter-output>
  <suite started-at="2022-04-25T17:13:06 IST" name="Default suite" finished-at="2022-04-25T17:13:36 IST" duration-ms="29921">
    <groups>
    </groups>
    <test started-at="2022-04-25T17:13:06 IST" name="Default test" finished-at="2022-04-25T17:13:36 IST" duration-ms="29921">
      <class name="com.vandvtechsolution.inetbanking.TestCases.LoginTC001">
        <test-method is-config="true" signature="init()[pri:0, instance:com.vandvtechsolution.inetbanking.TestCases.LoginTC001@6c1a5b54]" started-at="2022-04-25T17:13:04 IST" name="init" finished-at="2022-04-25T17:13:06 IST" duration-ms="1355" status="PASS">
          <reporter-output>
          </reporter-output>
        </test-method> <!-- init -->
        <test-method is-config="true" signature="Setup(java.lang.String)[pri:0, instance:com.vandvtechsolution.inetbanking.TestCases.LoginTC001@6c1a5b54]" started-at="2022-04-25T17:13:06 IST" name="Setup" finished-at="2022-04-25T17:13:29 IST" duration-ms="23251" status="PASS">
          <params>
            <param index="0">
              <value>
                <![CDATA[Chrome]]>
              </value>
            </param>
          </params>
          <reporter-output>
          </reporter-output>
        </test-method> <!-- Setup -->
        <test-method signature="loginTC()[pri:0, instance:com.vandvtechsolution.inetbanking.TestCases.LoginTC001@6c1a5b54]" started-at="2022-04-25T17:13:29 IST" name="loginTC" finished-at="2022-04-25T17:13:34 IST" duration-ms="4621" status="PASS">
          <reporter-output>
          </reporter-output>
        </test-method> <!-- loginTC -->
        <test-method is-config="true" signature="teardown(org.testng.ITestResult)[pri:0, instance:com.vandvtechsolution.inetbanking.TestCases.LoginTC001@6c1a5b54]" started-at="2022-04-25T17:13:34 IST" name="teardown" finished-at="2022-04-25T17:13:34 IST" duration-ms="15" status="PASS">
          <params>
            <param index="0">
              <value>
                <![CDATA[[TestResult name=loginTC status=SUCCESS method=LoginTC001.loginTC()[pri:0, instance:com.vandvtechsolution.inetbanking.TestCases.LoginTC001@6c1a5b54] output={null}]]]>
              </value>
            </param>
          </params>
          <reporter-output>
          </reporter-output>
        </test-method> <!-- teardown -->
        <test-method is-config="true" signature="flushreports()[pri:0, instance:com.vandvtechsolution.inetbanking.TestCases.LoginTC001@6c1a5b54]" started-at="2022-04-25T17:13:34 IST" name="flushreports" finished-at="2022-04-25T17:13:36 IST" duration-ms="1979" status="PASS">
          <reporter-output>
          </reporter-output>
        </test-method> <!-- flushreports -->
      </class> <!-- com.vandvtechsolution.inetbanking.TestCases.LoginTC001 -->
    </test> <!-- Default test -->
  </suite> <!-- Default suite -->
</testng-results>
